<?xml version="1.0" encoding="UTF-8"?>
<!-- Generated by org.testng.reporters.JUnitReportReporter -->
<testsuite skipped="0" hostname="goutam" name="verificationCommands.FlipKart" tests="1" failures="0" timestamp="12 Mar 2020 07:22:22 GMT" time="30.046" errors="0">
  <testcase name="flipKart" time="30.046" classname="verificationCommands.FlipKart"/>
</testsuite> <!-- verificationCommands.FlipKart -->
