<?xml version="1.0" encoding="UTF-8"?>
<!-- Generated by org.testng.reporters.JUnitReportReporter -->
<testsuite skipped="1" hostname="goutam" name="verificationCommands.Get" tests="3" failures="0" timestamp="11 Mar 2020 07:05:48 GMT" time="0.678" errors="0">
  <testcase name="validationCommands" time="0.125" classname="verificationCommands.Get"/>
  <testcase name="pageSource" time="0.553" classname="verificationCommands.Get"/>
  <testcase name="m" classname="verificationCommands.Get">
    <skipped/>
  </testcase> <!-- m -->
</testsuite> <!-- verificationCommands.Get -->
