<?xml version="1.0" encoding="UTF-8"?>
<!-- Generated by org.testng.reporters.JUnitReportReporter -->
<testsuite skipped="0" hostname="goutam" name="actions.AjaxControls" tests="1" failures="0" timestamp="13 Mar 2020 07:07:15 GMT" time="14.638" errors="0">
  <testcase name="m" time="14.638" classname="actions.AjaxControls"/>
</testsuite> <!-- actions.AjaxControls -->
