<?xml version="1.0" encoding="UTF-8"?>
<!-- Generated by org.testng.reporters.JUnitReportReporter -->
<testsuite skipped="0" hostname="goutam" name="actions.MouseHover" tests="1" failures="0" timestamp="11 Mar 2020 08:24:56 GMT" time="8.025" errors="0">
  <testcase name="m" time="8.025" classname="actions.MouseHover"/>
</testsuite> <!-- actions.MouseHover -->
