<?xml version="1.0" encoding="UTF-8"?>
<!-- Generated by org.testng.reporters.JUnitReportReporter -->
<testsuite skipped="0" hostname="goutam" name="verificationCommands.ValidationCommands" tests="1" failures="0" timestamp="11 Mar 2020 07:59:03 GMT" time="1.432" errors="0">
  <testcase name="m" time="1.432" classname="verificationCommands.ValidationCommands"/>
</testsuite> <!-- verificationCommands.ValidationCommands -->
