<?xml version="1.0" encoding="UTF-8"?>
<!-- Generated by org.testng.reporters.JUnitReportReporter -->
<testsuite skipped="0" hostname="goutam" name="automationPack.Test1" tests="1" failures="0" timestamp="12 Mar 2020 05:16:10 GMT" time="33.581" errors="0">
  <testcase name="fbWindowHandle" time="33.581" classname="automationPack.Test1"/>
</testsuite> <!-- automationPack.Test1 -->
