<?xml version="1.0" encoding="UTF-8"?>
<!-- Generated by org.testng.reporters.JUnitReportReporter -->
<testsuite skipped="0" hostname="goutam" name="actions.DragDrop" tests="1" failures="0" timestamp="16 Mar 2020 08:24:38 GMT" time="1.715" errors="0">
  <testcase name="m" time="1.715" classname="actions.DragDrop"/>
</testsuite> <!-- actions.DragDrop -->
